<?xml version="1.0" encoding="UTF-8"?>
<testng-results skipped="0" failed="3" total="13" passed="10">
  <reporter-output>
  </reporter-output>
  <suite name="REST API Validations" duration-ms="10293" started-at="2020-08-23T05:39:04Z" finished-at="2020-08-23T05:39:14Z">
    <groups>
      <group name="cucumber">
        <method signature="AbstractTestNGCucumberTests.runScenario(io.cucumber.testng.PickleWrapper, io.cucumber.testng.FeatureWrapper)[pri:0, instance:cucumberOptions.TestRunner@3b6eb2ec]" name="runScenario" class="io.cucumber.testng.AbstractTestNGCucumberTests"/>
      </group> <!-- cucumber -->
    </groups>
    <test name="API Test Cases" duration-ms="10293" started-at="2020-08-23T05:39:04Z" finished-at="2020-08-23T05:39:14Z">
      <class name="cucumberOptions.TestRunner">
        <test-method status="PASS" signature="setUpClass()[pri:0, instance:cucumberOptions.TestRunner@3b6eb2ec]" name="setUpClass" is-config="true" duration-ms="693" started-at="2020-08-23T11:09:04Z" finished-at="2020-08-23T11:09:04Z">
          <reporter-output>
          </reporter-output>
        </test-method> <!-- setUpClass -->
        <test-method status="PASS" signature="runScenario(io.cucumber.testng.PickleWrapper, io.cucumber.testng.FeatureWrapper)[pri:0, instance:cucumberOptions.TestRunner@3b6eb2ec]" name="runScenario" duration-ms="3667" started-at="2020-08-23T11:09:04Z" description="Runs Cucumber Scenarios" data-provider="scenarios" finished-at="2020-08-23T11:09:08Z">
          <params>
            <param index="0">
              <value>
                <![CDATA["Verify Positive Scenario Successfull for GET Request"]]>
              </value>
            </param>
            <param index="1">
              <value>
                <![CDATA["Optional[Test Cases for GET Google API]"]]>
              </value>
            </param>
          </params>
          <reporter-output>
          </reporter-output>
        </test-method> <!-- runScenario -->
        <test-method status="FAIL" signature="runScenario(io.cucumber.testng.PickleWrapper, io.cucumber.testng.FeatureWrapper)[pri:0, instance:cucumberOptions.TestRunner@3b6eb2ec]" name="runScenario" duration-ms="146" started-at="2020-08-23T11:09:08Z" description="Runs Cucumber Scenarios" data-provider="scenarios" finished-at="2020-08-23T11:09:08Z">
          <params>
            <param index="0">
              <value>
                <![CDATA["Verify error message is displayed for wrong place id"]]>
              </value>
            </param>
            <param index="1">
              <value>
                <![CDATA["Optional[Test Cases for GET Google API]"]]>
              </value>
            </param>
          </params>
          <exception class="java.lang.AssertionError">
            <message>
              <![CDATA[expected:<404> but was:<200>]]>
            </message>
            <full-stacktrace>
              <![CDATA[java.lang.AssertionError: expected:<404> but was:<200>
	at org.junit.Assert.fail(Assert.java:89)
	at org.junit.Assert.failNotEquals(Assert.java:835)
	at org.junit.Assert.assertEquals(Assert.java:647)
	at org.junit.Assert.assertEquals(Assert.java:633)
	at utility.CommonRest.verifyStatusCode(CommonRest.java:257)
	at StepDefinations.Common_Step_definations.verifyStatusCode(Common_Step_definations.java:41)
	at ✽.status code 404 should be displayed(file:///C:/Users/sdhawan/API_Project/RESTAPIFRAMEWORK/src/test/java/Postman_TestCases/Postman_GET_Google_API.feature:17)
]]>
            </full-stacktrace>
          </exception> <!-- java.lang.AssertionError -->
          <reporter-output>
          </reporter-output>
        </test-method> <!-- runScenario -->
        <test-method status="PASS" signature="runScenario(io.cucumber.testng.PickleWrapper, io.cucumber.testng.FeatureWrapper)[pri:0, instance:cucumberOptions.TestRunner@3b6eb2ec]" name="runScenario" duration-ms="839" started-at="2020-08-23T11:09:08Z" description="Runs Cucumber Scenarios" data-provider="scenarios" finished-at="2020-08-23T11:09:09Z">
          <params>
            <param index="0">
              <value>
                <![CDATA["Verify user is able get a book details by author name"]]>
              </value>
            </param>
            <param index="1">
              <value>
                <![CDATA["Optional[Test Cases for POST Liabrary API]"]]>
              </value>
            </param>
          </params>
          <reporter-output>
          </reporter-output>
        </test-method> <!-- runScenario -->
        <test-method status="PASS" signature="runScenario(io.cucumber.testng.PickleWrapper, io.cucumber.testng.FeatureWrapper)[pri:0, instance:cucumberOptions.TestRunner@3b6eb2ec]" name="runScenario" duration-ms="169" started-at="2020-08-23T11:09:09Z" description="Runs Cucumber Scenarios" data-provider="scenarios" finished-at="2020-08-23T11:09:09Z">
          <params>
            <param index="0">
              <value>
                <![CDATA["Verify book details is not diaplyed for wrong author name"]]>
              </value>
            </param>
            <param index="1">
              <value>
                <![CDATA["Optional[Test Cases for POST Liabrary API]"]]>
              </value>
            </param>
          </params>
          <reporter-output>
          </reporter-output>
        </test-method> <!-- runScenario -->
        <test-method status="PASS" signature="runScenario(io.cucumber.testng.PickleWrapper, io.cucumber.testng.FeatureWrapper)[pri:0, instance:cucumberOptions.TestRunner@3b6eb2ec]" name="runScenario" duration-ms="204" started-at="2020-08-23T11:09:09Z" description="Runs Cucumber Scenarios" data-provider="scenarios" finished-at="2020-08-23T11:09:09Z">
          <params>
            <param index="0">
              <value>
                <![CDATA["Verify user is able get a book details by ID"]]>
              </value>
            </param>
            <param index="1">
              <value>
                <![CDATA["Optional[Test Cases for POST Liabrary API]"]]>
              </value>
            </param>
          </params>
          <reporter-output>
          </reporter-output>
        </test-method> <!-- runScenario -->
        <test-method status="PASS" signature="runScenario(io.cucumber.testng.PickleWrapper, io.cucumber.testng.FeatureWrapper)[pri:0, instance:cucumberOptions.TestRunner@3b6eb2ec]" name="runScenario" duration-ms="199" started-at="2020-08-23T11:09:09Z" description="Runs Cucumber Scenarios" data-provider="scenarios" finished-at="2020-08-23T11:09:10Z">
          <params>
            <param index="0">
              <value>
                <![CDATA["Verify book details is not diaplyed for wrong ID"]]>
              </value>
            </param>
            <param index="1">
              <value>
                <![CDATA["Optional[Test Cases for POST Liabrary API]"]]>
              </value>
            </param>
          </params>
          <reporter-output>
          </reporter-output>
        </test-method> <!-- runScenario -->
        <test-method status="PASS" signature="runScenario(io.cucumber.testng.PickleWrapper, io.cucumber.testng.FeatureWrapper)[pri:0, instance:cucumberOptions.TestRunner@3b6eb2ec]" name="runScenario" duration-ms="231" started-at="2020-08-23T11:09:10Z" description="Runs Cucumber Scenarios" data-provider="scenarios" finished-at="2020-08-23T11:09:10Z">
          <params>
            <param index="0">
              <value>
                <![CDATA["Verify Positive Scenario Successfull for POST Request"]]>
              </value>
            </param>
            <param index="1">
              <value>
                <![CDATA["Optional[Test Cases for POST Google API]"]]>
              </value>
            </param>
          </params>
          <reporter-output>
          </reporter-output>
        </test-method> <!-- runScenario -->
        <test-method status="PASS" signature="runScenario(io.cucumber.testng.PickleWrapper, io.cucumber.testng.FeatureWrapper)[pri:0, instance:cucumberOptions.TestRunner@3b6eb2ec]" name="runScenario" duration-ms="193" started-at="2020-08-23T11:09:10Z" description="Runs Cucumber Scenarios" data-provider="scenarios" finished-at="2020-08-23T11:09:10Z">
          <params>
            <param index="0">
              <value>
                <![CDATA["Verify Positive Scenario Successfull for POST Request"]]>
              </value>
            </param>
            <param index="1">
              <value>
                <![CDATA["Optional[Test Cases for POST Google API]"]]>
              </value>
            </param>
          </params>
          <reporter-output>
          </reporter-output>
        </test-method> <!-- runScenario -->
        <test-method status="PASS" signature="runScenario(io.cucumber.testng.PickleWrapper, io.cucumber.testng.FeatureWrapper)[pri:0, instance:cucumberOptions.TestRunner@3b6eb2ec]" name="runScenario" duration-ms="189" started-at="2020-08-23T11:09:10Z" description="Runs Cucumber Scenarios" data-provider="scenarios" finished-at="2020-08-23T11:09:10Z">
          <params>
            <param index="0">
              <value>
                <![CDATA["Verify Positive Scenario Successfull for POST Request"]]>
              </value>
            </param>
            <param index="1">
              <value>
                <![CDATA["Optional[Test Cases for POST Google API]"]]>
              </value>
            </param>
          </params>
          <reporter-output>
          </reporter-output>
        </test-method> <!-- runScenario -->
        <test-method status="FAIL" signature="runScenario(io.cucumber.testng.PickleWrapper, io.cucumber.testng.FeatureWrapper)[pri:0, instance:cucumberOptions.TestRunner@3b6eb2ec]" name="runScenario" duration-ms="117" started-at="2020-08-23T11:09:10Z" description="Runs Cucumber Scenarios" data-provider="scenarios" finished-at="2020-08-23T11:09:10Z">
          <params>
            <param index="0">
              <value>
                <![CDATA["Verify user is able to add a book successfully"]]>
              </value>
            </param>
            <param index="1">
              <value>
                <![CDATA["Optional[Test Cases for POST Liabrary API]"]]>
              </value>
            </param>
          </params>
          <exception class="java.lang.AssertionError">
            <message>
              <![CDATA[expected:<200> but was:<404>]]>
            </message>
            <full-stacktrace>
              <![CDATA[java.lang.AssertionError: expected:<200> but was:<404>
	at org.junit.Assert.fail(Assert.java:89)
	at org.junit.Assert.failNotEquals(Assert.java:835)
	at org.junit.Assert.assertEquals(Assert.java:647)
	at org.junit.Assert.assertEquals(Assert.java:633)
	at utility.CommonRest.verifyStatusCode(CommonRest.java:257)
	at StepDefinations.Common_Step_definations.verifyStatusCode(Common_Step_definations.java:41)
	at ✽.status code 200 should be displayed(file:///C:/Users/sdhawan/API_Project/RESTAPIFRAMEWORK/src/test/java/Postman_TestCases/Postman_POST_Liabrary_API.feature:7)
]]>
            </full-stacktrace>
          </exception> <!-- java.lang.AssertionError -->
          <reporter-output>
          </reporter-output>
        </test-method> <!-- runScenario -->
        <test-method status="PASS" signature="runScenario(io.cucumber.testng.PickleWrapper, io.cucumber.testng.FeatureWrapper)[pri:0, instance:cucumberOptions.TestRunner@3b6eb2ec]" name="runScenario" duration-ms="163" started-at="2020-08-23T11:09:10Z" description="Runs Cucumber Scenarios" data-provider="scenarios" finished-at="2020-08-23T11:09:11Z">
          <params>
            <param index="0">
              <value>
                <![CDATA["Verify error message is displayed if book is alrady present"]]>
              </value>
            </param>
            <param index="1">
              <value>
                <![CDATA["Optional[Test Cases for POST Liabrary API]"]]>
              </value>
            </param>
          </params>
          <reporter-output>
          </reporter-output>
        </test-method> <!-- runScenario -->
        <test-method status="FAIL" signature="runScenario(io.cucumber.testng.PickleWrapper, io.cucumber.testng.FeatureWrapper)[pri:0, instance:cucumberOptions.TestRunner@3b6eb2ec]" name="runScenario" duration-ms="1643" started-at="2020-08-23T11:09:11Z" description="Runs Cucumber Scenarios" data-provider="scenarios" finished-at="2020-08-23T11:09:12Z">
          <params>
            <param index="0">
              <value>
                <![CDATA["Verify Positive Scenario Successfull for PUT Request"]]>
              </value>
            </param>
            <param index="1">
              <value>
                <![CDATA["Optional[Test Cases for PUT Google API]"]]>
              </value>
            </param>
          </params>
          <exception class="java.lang.AssertionError">
            <message>
              <![CDATA[expected:<200> but was:<404>]]>
            </message>
            <full-stacktrace>
              <![CDATA[java.lang.AssertionError: expected:<200> but was:<404>
	at org.junit.Assert.fail(Assert.java:89)
	at org.junit.Assert.failNotEquals(Assert.java:835)
	at org.junit.Assert.assertEquals(Assert.java:647)
	at org.junit.Assert.assertEquals(Assert.java:633)
	at utility.CommonRest.verifyStatusCode(CommonRest.java:257)
	at StepDefinations.Common_Step_definations.verifyStatusCode(Common_Step_definations.java:41)
	at ✽.status code 200 should be displayed(file:///C:/Users/sdhawan/API_Project/RESTAPIFRAMEWORK/src/test/java/Postman_TestCases/Postman_PUT_Google_API.feature:7)
]]>
            </full-stacktrace>
          </exception> <!-- java.lang.AssertionError -->
          <reporter-output>
          </reporter-output>
        </test-method> <!-- runScenario -->
        <test-method status="PASS" signature="runScenario(io.cucumber.testng.PickleWrapper, io.cucumber.testng.FeatureWrapper)[pri:0, instance:cucumberOptions.TestRunner@3b6eb2ec]" name="runScenario" duration-ms="1640" started-at="2020-08-23T11:09:12Z" description="Runs Cucumber Scenarios" data-provider="scenarios" finished-at="2020-08-23T11:09:14Z">
          <params>
            <param index="0">
              <value>
                <![CDATA["Verify erroe message for wrong place id"]]>
              </value>
            </param>
            <param index="1">
              <value>
                <![CDATA["Optional[Test Cases for PUT Google API]"]]>
              </value>
            </param>
          </params>
          <reporter-output>
          </reporter-output>
        </test-method> <!-- runScenario -->
        <test-method status="PASS" signature="tearDownClass()[pri:0, instance:cucumberOptions.TestRunner@3b6eb2ec]" name="tearDownClass" is-config="true" duration-ms="143" started-at="2020-08-23T11:09:14Z" finished-at="2020-08-23T11:09:14Z">
          <reporter-output>
          </reporter-output>
        </test-method> <!-- tearDownClass -->
      </class> <!-- cucumberOptions.TestRunner -->
    </test> <!-- API Test Cases -->
  </suite> <!-- REST API Validations -->
</testng-results>
