<?xml version="1.0" encoding="UTF-8"?>
<testng-results skipped="0" failed="3" total="22" passed="19">
  <reporter-output>
  </reporter-output>
  <suite name="REST API Validations" duration-ms="18445" started-at="2020-08-26T10:12:01Z" finished-at="2020-08-26T10:12:20Z">
    <groups>
      <group name="cucumber">
        <method signature="AbstractTestNGCucumberTests.runScenario(io.cucumber.testng.PickleWrapper, io.cucumber.testng.FeatureWrapper)[pri:0, instance:cucumberOptions.TestRunner@60addb54]" name="runScenario" class="io.cucumber.testng.AbstractTestNGCucumberTests"/>
      </group> <!-- cucumber -->
    </groups>
    <test name="API Test Cases" duration-ms="18445" started-at="2020-08-26T10:12:01Z" finished-at="2020-08-26T10:12:20Z">
      <class name="cucumberOptions.TestRunner">
        <test-method status="PASS" signature="setUpClass()[pri:0, instance:cucumberOptions.TestRunner@60addb54]" name="setUpClass" is-config="true" duration-ms="710" started-at="2020-08-26T10:12:01Z" finished-at="2020-08-26T10:12:02Z">
        </test-method> <!-- setUpClass -->
        <test-method status="PASS" signature="runScenario(io.cucumber.testng.PickleWrapper, io.cucumber.testng.FeatureWrapper)[pri:0, instance:cucumberOptions.TestRunner@60addb54]" name="runScenario" duration-ms="5450" started-at="2020-08-26T10:12:02Z" description="Runs Cucumber Scenarios" data-provider="scenarios" finished-at="2020-08-26T10:12:07Z">
          <params>
            <param index="0">
              <value>
                <![CDATA["Verify all details of Books"]]>
              </value>
            </param>
            <param index="1">
              <value>
                <![CDATA["Optional[Test Cases for GET Book Details]"]]>
              </value>
            </param>
          </params>
        </test-method> <!-- runScenario -->
        <test-method status="PASS" signature="runScenario(io.cucumber.testng.PickleWrapper, io.cucumber.testng.FeatureWrapper)[pri:0, instance:cucumberOptions.TestRunner@60addb54]" name="runScenario" duration-ms="1034" started-at="2020-08-26T10:12:07Z" description="Runs Cucumber Scenarios" data-provider="scenarios" finished-at="2020-08-26T10:12:08Z">
          <params>
            <param index="0">
              <value>
                <![CDATA["Verify user is able to retrive book details based on ISBN number"]]>
              </value>
            </param>
            <param index="1">
              <value>
                <![CDATA["Optional[Test Cases for GET Book Details]"]]>
              </value>
            </param>
          </params>
        </test-method> <!-- runScenario -->
        <test-method status="PASS" signature="runScenario(io.cucumber.testng.PickleWrapper, io.cucumber.testng.FeatureWrapper)[pri:0, instance:cucumberOptions.TestRunner@60addb54]" name="runScenario" duration-ms="871" started-at="2020-08-26T10:12:08Z" description="Runs Cucumber Scenarios" data-provider="scenarios" finished-at="2020-08-26T10:12:09Z">
          <params>
            <param index="0">
              <value>
                <![CDATA["Verify Positive Scenario for Authorize Account"]]>
              </value>
            </param>
            <param index="1">
              <value>
                <![CDATA["Optional[Test Cases for POST Authorize Account API]"]]>
              </value>
            </param>
          </params>
        </test-method> <!-- runScenario -->
        <test-method status="PASS" signature="runScenario(io.cucumber.testng.PickleWrapper, io.cucumber.testng.FeatureWrapper)[pri:0, instance:cucumberOptions.TestRunner@60addb54]" name="runScenario" duration-ms="855" started-at="2020-08-26T10:12:09Z" description="Runs Cucumber Scenarios" data-provider="scenarios" finished-at="2020-08-26T10:12:10Z">
          <params>
            <param index="0">
              <value>
                <![CDATA["Verify User Not Found error is displayed for wrong UserName and Password"]]>
              </value>
            </param>
            <param index="1">
              <value>
                <![CDATA["Optional[Test Cases for POST Authorize Account API]"]]>
              </value>
            </param>
          </params>
        </test-method> <!-- runScenario -->
        <test-method status="PASS" signature="runScenario(io.cucumber.testng.PickleWrapper, io.cucumber.testng.FeatureWrapper)[pri:0, instance:cucumberOptions.TestRunner@60addb54]" name="runScenario" duration-ms="762" started-at="2020-08-26T10:12:10Z" description="Runs Cucumber Scenarios" data-provider="scenarios" finished-at="2020-08-26T10:12:11Z">
          <params>
            <param index="0">
              <value>
                <![CDATA["Verify error message is displayed when Username and Password is not passed in body"]]>
              </value>
            </param>
            <param index="1">
              <value>
                <![CDATA["Optional[Test Cases for POST Authorize Account API]"]]>
              </value>
            </param>
          </params>
        </test-method> <!-- runScenario -->
        <test-method status="PASS" signature="runScenario(io.cucumber.testng.PickleWrapper, io.cucumber.testng.FeatureWrapper)[pri:0, instance:cucumberOptions.TestRunner@60addb54]" name="runScenario" duration-ms="807" started-at="2020-08-26T10:12:11Z" description="Runs Cucumber Scenarios" data-provider="scenarios" finished-at="2020-08-26T10:12:12Z">
          <params>
            <param index="0">
              <value>
                <![CDATA["Verify Positive Scenario for Generate Token"]]>
              </value>
            </param>
            <param index="1">
              <value>
                <![CDATA["Optional[Test Cases for Generate Token API]"]]>
              </value>
            </param>
          </params>
        </test-method> <!-- runScenario -->
        <test-method status="PASS" signature="runScenario(io.cucumber.testng.PickleWrapper, io.cucumber.testng.FeatureWrapper)[pri:0, instance:cucumberOptions.TestRunner@60addb54]" name="runScenario" duration-ms="756" started-at="2020-08-26T10:12:12Z" description="Runs Cucumber Scenarios" data-provider="scenarios" finished-at="2020-08-26T10:12:12Z">
          <params>
            <param index="0">
              <value>
                <![CDATA["Verify error message is displayed for wrong UserName"]]>
              </value>
            </param>
            <param index="1">
              <value>
                <![CDATA["Optional[Test Cases for Generate Token API]"]]>
              </value>
            </param>
          </params>
        </test-method> <!-- runScenario -->
        <test-method status="PASS" signature="runScenario(io.cucumber.testng.PickleWrapper, io.cucumber.testng.FeatureWrapper)[pri:0, instance:cucumberOptions.TestRunner@60addb54]" name="runScenario" duration-ms="864" started-at="2020-08-26T10:12:12Z" description="Runs Cucumber Scenarios" data-provider="scenarios" finished-at="2020-08-26T10:12:13Z">
          <params>
            <param index="0">
              <value>
                <![CDATA["Verify error message is displayed for wrong Password"]]>
              </value>
            </param>
            <param index="1">
              <value>
                <![CDATA["Optional[Test Cases for Generate Token API]"]]>
              </value>
            </param>
          </params>
        </test-method> <!-- runScenario -->
        <test-method status="PASS" signature="runScenario(io.cucumber.testng.PickleWrapper, io.cucumber.testng.FeatureWrapper)[pri:0, instance:cucumberOptions.TestRunner@60addb54]" name="runScenario" duration-ms="788" started-at="2020-08-26T10:12:13Z" description="Runs Cucumber Scenarios" data-provider="scenarios" finished-at="2020-08-26T10:12:14Z">
          <params>
            <param index="0">
              <value>
                <![CDATA["Verify error message is displayed for Body Without UserName and Password"]]>
              </value>
            </param>
            <param index="1">
              <value>
                <![CDATA["Optional[Test Cases for Generate Token API]"]]>
              </value>
            </param>
          </params>
        </test-method> <!-- runScenario -->
        <test-method status="PASS" signature="runScenario(io.cucumber.testng.PickleWrapper, io.cucumber.testng.FeatureWrapper)[pri:0, instance:cucumberOptions.TestRunner@60addb54]" name="runScenario" duration-ms="140" started-at="2020-08-26T10:12:14Z" description="Runs Cucumber Scenarios" data-provider="scenarios" finished-at="2020-08-26T10:12:14Z">
          <params>
            <param index="0">
              <value>
                <![CDATA["Verify Positive Scenario Successfull for GET Request"]]>
              </value>
            </param>
            <param index="1">
              <value>
                <![CDATA["Optional[Test Cases for GET Google API]"]]>
              </value>
            </param>
          </params>
        </test-method> <!-- runScenario -->
        <test-method status="FAIL" signature="runScenario(io.cucumber.testng.PickleWrapper, io.cucumber.testng.FeatureWrapper)[pri:0, instance:cucumberOptions.TestRunner@60addb54]" name="runScenario" duration-ms="206" started-at="2020-08-26T10:12:14Z" description="Runs Cucumber Scenarios" data-provider="scenarios" finished-at="2020-08-26T10:12:14Z">
          <params>
            <param index="0">
              <value>
                <![CDATA["Verify error message is displayed for wrong place id"]]>
              </value>
            </param>
            <param index="1">
              <value>
                <![CDATA["Optional[Test Cases for GET Google API]"]]>
              </value>
            </param>
          </params>
          <exception class="java.lang.AssertionError">
            <message>
              <![CDATA[expected:<404> but was:<200>]]>
            </message>
            <full-stacktrace>
              <![CDATA[java.lang.AssertionError: expected:<404> but was:<200>
	at org.junit.Assert.fail(Assert.java:93)
	at org.junit.Assert.failNotEquals(Assert.java:647)
	at org.junit.Assert.assertEquals(Assert.java:128)
	at org.junit.Assert.assertEquals(Assert.java:472)
	at org.junit.Assert.assertEquals(Assert.java:456)
	at utility.CommonRest.verifyStatusCode(CommonRest.java:246)
	at StepDefinations.Common_Step_definations.verifyStatusCode(Common_Step_definations.java:41)
	at ✽.status code 404 should be displayed(file:///C:/Users/sdhawan/API_Project/RESTAPIFRAMEWORK/src/test/java/TestCases/Postman_GET_Google_API.feature:17)
]]>
            </full-stacktrace>
          </exception> <!-- java.lang.AssertionError -->
        </test-method> <!-- runScenario -->
        <test-method status="PASS" signature="runScenario(io.cucumber.testng.PickleWrapper, io.cucumber.testng.FeatureWrapper)[pri:0, instance:cucumberOptions.TestRunner@60addb54]" name="runScenario" duration-ms="201" started-at="2020-08-26T10:12:14Z" description="Runs Cucumber Scenarios" data-provider="scenarios" finished-at="2020-08-26T10:12:15Z">
          <params>
            <param index="0">
              <value>
                <![CDATA["Verify user is able get a book details by author name"]]>
              </value>
            </param>
            <param index="1">
              <value>
                <![CDATA["Optional[Test Cases for GET Liabrary API]"]]>
              </value>
            </param>
          </params>
        </test-method> <!-- runScenario -->
        <test-method status="PASS" signature="runScenario(io.cucumber.testng.PickleWrapper, io.cucumber.testng.FeatureWrapper)[pri:0, instance:cucumberOptions.TestRunner@60addb54]" name="runScenario" duration-ms="231" started-at="2020-08-26T10:12:15Z" description="Runs Cucumber Scenarios" data-provider="scenarios" finished-at="2020-08-26T10:12:15Z">
          <params>
            <param index="0">
              <value>
                <![CDATA["Verify book details is not diaplyed for wrong author name"]]>
              </value>
            </param>
            <param index="1">
              <value>
                <![CDATA["Optional[Test Cases for GET Liabrary API]"]]>
              </value>
            </param>
          </params>
        </test-method> <!-- runScenario -->
        <test-method status="PASS" signature="runScenario(io.cucumber.testng.PickleWrapper, io.cucumber.testng.FeatureWrapper)[pri:0, instance:cucumberOptions.TestRunner@60addb54]" name="runScenario" duration-ms="204" started-at="2020-08-26T10:12:15Z" description="Runs Cucumber Scenarios" data-provider="scenarios" finished-at="2020-08-26T10:12:15Z">
          <params>
            <param index="0">
              <value>
                <![CDATA["Verify user is able get a book details by ID"]]>
              </value>
            </param>
            <param index="1">
              <value>
                <![CDATA["Optional[Test Cases for GET Liabrary API]"]]>
              </value>
            </param>
          </params>
        </test-method> <!-- runScenario -->
        <test-method status="PASS" signature="runScenario(io.cucumber.testng.PickleWrapper, io.cucumber.testng.FeatureWrapper)[pri:0, instance:cucumberOptions.TestRunner@60addb54]" name="runScenario" duration-ms="179" started-at="2020-08-26T10:12:15Z" description="Runs Cucumber Scenarios" data-provider="scenarios" finished-at="2020-08-26T10:12:15Z">
          <params>
            <param index="0">
              <value>
                <![CDATA["Verify book details is not diaplyed for wrong ID"]]>
              </value>
            </param>
            <param index="1">
              <value>
                <![CDATA["Optional[Test Cases for GET Liabrary API]"]]>
              </value>
            </param>
          </params>
        </test-method> <!-- runScenario -->
        <test-method status="PASS" signature="runScenario(io.cucumber.testng.PickleWrapper, io.cucumber.testng.FeatureWrapper)[pri:0, instance:cucumberOptions.TestRunner@60addb54]" name="runScenario" duration-ms="269" started-at="2020-08-26T10:12:15Z" description="Runs Cucumber Scenarios" data-provider="scenarios" finished-at="2020-08-26T10:12:16Z">
          <params>
            <param index="0">
              <value>
                <![CDATA["Verify Positive Scenario Successfull for POST Request"]]>
              </value>
            </param>
            <param index="1">
              <value>
                <![CDATA["Optional[Test Cases for POST Google API]"]]>
              </value>
            </param>
          </params>
        </test-method> <!-- runScenario -->
        <test-method status="PASS" signature="runScenario(io.cucumber.testng.PickleWrapper, io.cucumber.testng.FeatureWrapper)[pri:0, instance:cucumberOptions.TestRunner@60addb54]" name="runScenario" duration-ms="260" started-at="2020-08-26T10:12:16Z" description="Runs Cucumber Scenarios" data-provider="scenarios" finished-at="2020-08-26T10:12:16Z">
          <params>
            <param index="0">
              <value>
                <![CDATA["Verify Positive Scenario Successfull for POST Request"]]>
              </value>
            </param>
            <param index="1">
              <value>
                <![CDATA["Optional[Test Cases for POST Google API]"]]>
              </value>
            </param>
          </params>
        </test-method> <!-- runScenario -->
        <test-method status="PASS" signature="runScenario(io.cucumber.testng.PickleWrapper, io.cucumber.testng.FeatureWrapper)[pri:0, instance:cucumberOptions.TestRunner@60addb54]" name="runScenario" duration-ms="223" started-at="2020-08-26T10:12:16Z" description="Runs Cucumber Scenarios" data-provider="scenarios" finished-at="2020-08-26T10:12:16Z">
          <params>
            <param index="0">
              <value>
                <![CDATA["Verify Positive Scenario Successfull for POST Request"]]>
              </value>
            </param>
            <param index="1">
              <value>
                <![CDATA["Optional[Test Cases for POST Google API]"]]>
              </value>
            </param>
          </params>
        </test-method> <!-- runScenario -->
        <test-method status="FAIL" signature="runScenario(io.cucumber.testng.PickleWrapper, io.cucumber.testng.FeatureWrapper)[pri:0, instance:cucumberOptions.TestRunner@60addb54]" name="runScenario" duration-ms="125" started-at="2020-08-26T10:12:16Z" description="Runs Cucumber Scenarios" data-provider="scenarios" finished-at="2020-08-26T10:12:16Z">
          <params>
            <param index="0">
              <value>
                <![CDATA["Verify user is able to add a book successfully"]]>
              </value>
            </param>
            <param index="1">
              <value>
                <![CDATA["Optional[Test Cases for POST Liabrary API]"]]>
              </value>
            </param>
          </params>
          <exception class="java.lang.AssertionError">
            <message>
              <![CDATA[expected:<200> but was:<404>]]>
            </message>
            <full-stacktrace>
              <![CDATA[java.lang.AssertionError: expected:<200> but was:<404>
	at org.junit.Assert.fail(Assert.java:93)
	at org.junit.Assert.failNotEquals(Assert.java:647)
	at org.junit.Assert.assertEquals(Assert.java:128)
	at org.junit.Assert.assertEquals(Assert.java:472)
	at org.junit.Assert.assertEquals(Assert.java:456)
	at utility.CommonRest.verifyStatusCode(CommonRest.java:246)
	at StepDefinations.Common_Step_definations.verifyStatusCode(Common_Step_definations.java:41)
	at ✽.status code 200 should be displayed(file:///C:/Users/sdhawan/API_Project/RESTAPIFRAMEWORK/src/test/java/TestCases/Postman_POST_Liabrary_API.feature:7)
]]>
            </full-stacktrace>
          </exception> <!-- java.lang.AssertionError -->
        </test-method> <!-- runScenario -->
        <test-method status="PASS" signature="runScenario(io.cucumber.testng.PickleWrapper, io.cucumber.testng.FeatureWrapper)[pri:0, instance:cucumberOptions.TestRunner@60addb54]" name="runScenario" duration-ms="141" started-at="2020-08-26T10:12:16Z" description="Runs Cucumber Scenarios" data-provider="scenarios" finished-at="2020-08-26T10:12:16Z">
          <params>
            <param index="0">
              <value>
                <![CDATA["Verify error message is displayed if book is alrady present"]]>
              </value>
            </param>
            <param index="1">
              <value>
                <![CDATA["Optional[Test Cases for POST Liabrary API]"]]>
              </value>
            </param>
          </params>
        </test-method> <!-- runScenario -->
        <test-method status="FAIL" signature="runScenario(io.cucumber.testng.PickleWrapper, io.cucumber.testng.FeatureWrapper)[pri:0, instance:cucumberOptions.TestRunner@60addb54]" name="runScenario" duration-ms="1564" started-at="2020-08-26T10:12:16Z" description="Runs Cucumber Scenarios" data-provider="scenarios" finished-at="2020-08-26T10:12:18Z">
          <params>
            <param index="0">
              <value>
                <![CDATA["Verify Positive Scenario Successfull for PUT Request"]]>
              </value>
            </param>
            <param index="1">
              <value>
                <![CDATA["Optional[Test Cases for PUT Google API]"]]>
              </value>
            </param>
          </params>
          <exception class="java.lang.AssertionError">
            <message>
              <![CDATA[expected:<200> but was:<404>]]>
            </message>
            <full-stacktrace>
              <![CDATA[java.lang.AssertionError: expected:<200> but was:<404>
	at org.junit.Assert.fail(Assert.java:93)
	at org.junit.Assert.failNotEquals(Assert.java:647)
	at org.junit.Assert.assertEquals(Assert.java:128)
	at org.junit.Assert.assertEquals(Assert.java:472)
	at org.junit.Assert.assertEquals(Assert.java:456)
	at utility.CommonRest.verifyStatusCode(CommonRest.java:246)
	at StepDefinations.Common_Step_definations.verifyStatusCode(Common_Step_definations.java:41)
	at ✽.status code 200 should be displayed(file:///C:/Users/sdhawan/API_Project/RESTAPIFRAMEWORK/src/test/java/TestCases/Postman_PUT_Google_API.feature:7)
]]>
            </full-stacktrace>
          </exception> <!-- java.lang.AssertionError -->
        </test-method> <!-- runScenario -->
        <test-method status="PASS" signature="runScenario(io.cucumber.testng.PickleWrapper, io.cucumber.testng.FeatureWrapper)[pri:0, instance:cucumberOptions.TestRunner@60addb54]" name="runScenario" duration-ms="1582" started-at="2020-08-26T10:12:18Z" description="Runs Cucumber Scenarios" data-provider="scenarios" finished-at="2020-08-26T10:12:19Z">
          <params>
            <param index="0">
              <value>
                <![CDATA["Verify erroe message for wrong place id"]]>
              </value>
            </param>
            <param index="1">
              <value>
                <![CDATA["Optional[Test Cases for PUT Google API]"]]>
              </value>
            </param>
          </params>
        </test-method> <!-- runScenario -->
        <test-method status="PASS" signature="tearDownClass()[pri:0, instance:cucumberOptions.TestRunner@60addb54]" name="tearDownClass" is-config="true" duration-ms="189" started-at="2020-08-26T10:12:19Z" finished-at="2020-08-26T10:12:20Z">
        </test-method> <!-- tearDownClass -->
      </class> <!-- cucumberOptions.TestRunner -->
    </test> <!-- API Test Cases -->
  </suite> <!-- REST API Validations -->
</testng-results>
