<?xml version="1.0" encoding="UTF-8"?>
<testsuite xmlns:xsi="http://www.w3.org/2001/XMLSchema-instance" xsi:noNamespaceSchemaLocation="https://maven.apache.org/surefire/maven-surefire-plugin/xsd/surefire-test-report.xsd" name="TestSuite" time="19.602" tests="22" errors="0" skipped="0" failures="3">
  <properties>
[...]
</properties>
  <testcase name="runScenario" classname="cucumberOptions.TestRunner" time="5.955"/>
  <testcase name="runScenario" classname="cucumberOptions.TestRunner" time="0.685"/>
  <testcase name="runScenario" classname="cucumberOptions.TestRunner" time="0.745"/>
  <testcase name="runScenario" classname="cucumberOptions.TestRunner" time="0.838"/>
  <testcase name="runScenario" classname="cucumberOptions.TestRunner" time="0.751"/>
  <testcase name="runScenario" classname="cucumberOptions.TestRunner" time="0.887"/>
  <testcase name="runScenario" classname="cucumberOptions.TestRunner" time="0.709"/>
  <testcase name="runScenario" classname="cucumberOptions.TestRunner" time="0.833"/>
  <testcase name="runScenario" classname="cucumberOptions.TestRunner" time="0.813"/>
  <testcase name="runScenario" classname="cucumberOptions.TestRunner" time="0.4"/>
  <testcase name="runScenario" classname="cucumberOptions.TestRunner" time="0.301">
    <failure message="expected:&lt;404&gt; but was:&lt;200&gt;" type="java.lang.AssertionError"><![CDATA[java.lang.AssertionError: expected:<404> but was:<200>
]]></failure>
    <system-out><![CDATA[[INFO ] 2020-08-26 10:12:14.744 [main] CommonRest - ***************************************Started Execution of Test Cases****************************************
[INFO ] 2020-08-26 10:12:14.745 [main] CommonRest - Bookstore_API:https://bookstore.toolsqa.com
[INFO ] 2020-08-26 10:12:14.746 [main] CommonRest - Liabrary_API:http://216.10.245.166
[INFO ] 2020-08-26 10:12:14.746 [main] CommonRest - Google_API:https://rahulshettyacademy.com
[INFO ] 2020-08-26 10:12:14.747 [main] CommonRest - JSON Converted in to array is=[{"Description":"GET Request for Google API"},{"RequestType":"GET"},{"ContentType":"application/json"},{"Endpoint":"/maps/api/place/get/json"},{"QueryParameters":[{"place_id":"1234"},{"Key":"qaclick123"}]}]
[INFO ] 2020-08-26 10:12:14.747 [main] CommonRest - Array after updating a value is=[{"Description":"GET Request for Google API"},{"RequestType":"GET"},{"ContentType":"application/json"},{"Endpoint":"/maps/api/place/get/json"},{"QueryParameters":[{"place_id":"1234"},{"Key":"qaclick123"}]}]
[INFO ] 2020-08-26 10:12:14.748 [main] CommonRest - Array Payload attribute is=[{"Description":"GET Request for Google API"},{"RequestType":"GET"},{"ContentType":"application/json"},{"Endpoint":"/maps/api/place/get/json"},{"QueryParameters":[{"place_id":"1234"},{"Key":"qaclick123"}]}]
[INFO ] 2020-08-26 10:12:14.748 [main] CommonRest - Endpoint is=Google_API
[INFO ] 2020-08-26 10:12:14.749 [main] CommonRest - application/json
[INFO ] 2020-08-26 10:12:14.750 [main] CommonRest - Endpoint is=/maps/api/place/get/json
[INFO ] 2020-08-26 10:12:14.750 [main] CommonRest - Data in Dictionary is={ReqType=GET, ReqBody={"password":"Wrong","userName":"TOOLSQA-Test"}, ISBN=9781449365035, Content Type=application/json, PAYLOAD=[{"Description":"GET Request for Google API"},{"RequestType":"GET"},{"ContentType":"application/json"},{"Endpoint":"/maps/api/place/get/json"},{"QueryParameters":[{"place_id":"1234"},{"Key":"qaclick123"}]}], EndPoint=/maps/api/place/get/json, Key=qaclick123, place_id=1234}
[INFO ] 2020-08-26 10:12:14.750 [main] CommonRest - ContentType is=application/json
[INFO ] 2020-08-26 10:12:14.750 [main] CommonRest - Request Endpoint =GET
[INFO ] 2020-08-26 10:12:14.751 [main] CommonRest - Request Body is={"password":"Wrong","userName":"TOOLSQA-Test"}
Request method:	GET
Request URI:	https://rahulshettyacademy.com/maps/api/place/get/json?place_id=1234&Key=qaclick123
Proxy:			<none>
Request params:	<none>
Query params:	place_id=1234
				Key=qaclick123
Form params:	<none>
Path params:	<none>
Headers:		Accept=*/*
				Content-Type=application/json; charset=UTF-8
Cookies:		<none>
Multiparts:		<none>
Body:			<none>
HTTP/1.1 200 OK
Date: Wed, 26 Aug 2020 04:42:14 GMT
Server: Apache/2.4.18 (Ubuntu)
Access-Control-Allow-Origin: *
Access-Control-Allow-Methods: POST
Access-Control-Max-Age: 3600
Access-Control-Allow-Headers: Content-Type, Access-Control-Allow-Headers, Authorization, X-Requested-With
Content-Length: 0
Keep-Alive: timeout=5, max=100
Connection: Keep-Alive
Content-Type: application/json; charset=UTF-8
[INFO ] 2020-08-26 10:12:14.939 [main] CommonRest - Response is=io.restassured.internal.RestAssuredResponseImpl@7f1ef916
[INFO ] 2020-08-26 10:12:14.939 [main] CommonRest - Status Code is=200
]]></system-out>
  </testcase>
  <testcase name="runScenario" classname="cucumberOptions.TestRunner" time="0.309"/>
  <testcase name="runScenario" classname="cucumberOptions.TestRunner" time="0.242"/>
  <testcase name="runScenario" classname="cucumberOptions.TestRunner" time="0.268"/>
  <testcase name="runScenario" classname="cucumberOptions.TestRunner" time="0.221"/>
  <testcase name="runScenario" classname="cucumberOptions.TestRunner" time="0.32"/>
  <testcase name="runScenario" classname="cucumberOptions.TestRunner" time="0.357"/>
  <testcase name="runScenario" classname="cucumberOptions.TestRunner" time="0.261"/>
  <testcase name="runScenario" classname="cucumberOptions.TestRunner" time="0.191">
    <failure message="expected:&lt;200&gt; but was:&lt;404&gt;" type="java.lang.AssertionError"><![CDATA[java.lang.AssertionError: expected:<200> but was:<404>
]]></failure>
    <system-out><![CDATA[[INFO ] 2020-08-26 10:12:16.533 [main] CommonRest - ***************************************Started Execution of Test Cases****************************************
[INFO ] 2020-08-26 10:12:16.534 [main] CommonRest - Bookstore_API:https://bookstore.toolsqa.com
[INFO ] 2020-08-26 10:12:16.534 [main] CommonRest - Liabrary_API:http://216.10.245.166
[INFO ] 2020-08-26 10:12:16.534 [main] CommonRest - Google_API:https://rahulshettyacademy.com
[INFO ] 2020-08-26 10:12:16.535 [main] CommonRest - JSON Converted in to array is=[{"Description":"Post Request for Liabrary API"},{"RequestType":"POST"},{"ContentType":"application/json"},{"Endpoint":"/Library/Addbook.php"},{"Body":{"author":"Test_Two","isbn":"isbn_two","name":"Book_Two","aisle":"102"}}]
[INFO ] 2020-08-26 10:12:16.535 [main] CommonRest - Array after updating a value is=[{"Description":"Post Request for Liabrary API"},{"RequestType":"POST"},{"ContentType":"application/json"},{"Endpoint":"/Library/Addbook.php"},{"Body":{"author":"Test_Two","isbn":"isbn_two","name":"Book_Two","aisle":"102"}}]
[INFO ] 2020-08-26 10:12:16.535 [main] CommonRest - Array Payload attribute is=[{"Description":"Post Request for Liabrary API"},{"RequestType":"POST"},{"ContentType":"application/json"},{"Endpoint":"/Library/Addbook.php"},{"Body":{"author":"Test_Two","isbn":"isbn_two","name":"Book_Two","aisle":"102"}}]
[INFO ] 2020-08-26 10:12:16.535 [main] CommonRest - Endpoint is=Liabrary_API
[INFO ] 2020-08-26 10:12:16.535 [main] CommonRest - application/json
[INFO ] 2020-08-26 10:12:16.536 [main] CommonRest - Endpoint is=/Library/Addbook.php
[INFO ] 2020-08-26 10:12:16.536 [main] CommonRest - Data in Dictionary is={ReqType=POST, ReqBody={"author":"Test_Two","isbn":"isbn_two","name":"Book_Two","aisle":"102"}, ISBN=9781449365035, AuthorName=wrong_ID, Content Type=application/json, PAYLOAD=[{"Description":"Post Request for Liabrary API"},{"RequestType":"POST"},{"ContentType":"application/json"},{"Endpoint":"/Library/Addbook.php"},{"Body":{"author":"Test_Two","isbn":"isbn_two","name":"Book_Two","aisle":"102"}}], EndPoint=/Library/Addbook.php, ID=T111one111100, Key=qaclick123, place_id=1234}
[INFO ] 2020-08-26 10:12:16.536 [main] CommonRest - ContentType is=application/json
[INFO ] 2020-08-26 10:12:16.536 [main] CommonRest - Request Endpoint =POST
[INFO ] 2020-08-26 10:12:16.536 [main] CommonRest - Request Body is={"author":"Test_Two","isbn":"isbn_two","name":"Book_Two","aisle":"102"}
Request method:	POST
Request URI:	http://216.10.245.166/Library/Addbook.php
Proxy:			<none>
Request params:	<none>
Query params:	<none>
Form params:	<none>
Path params:	<none>
Headers:		Accept=*/*
				Content-Type=application/json; charset=UTF-8
Cookies:		<none>
Multiparts:		<none>
Body:
{
    "author": "Test_Two",
    "isbn": "isbn_two",
    "name": "Book_Two",
    "aisle": "102"
}
HTTP/1.1 404 Not Found
Date: Wed, 26 Aug 2020 04:42:15 GMT
Server: Apache
Access-Control-Allow-Origin: *
Access-Control-Allow-Methods: POST
Access-Control-Max-Age: 3600
Access-Control-Allow-Headers: Content-Type, Access-Control-Allow-Headers, Authorization, X-Requested-With
Keep-Alive: timeout=5, max=100
Connection: Keep-Alive
Transfer-Encoding: chunked
Content-Type: application/json;charset=UTF-8

{
    "msg": "Add Book operation failed, looks like the book already exists"
}
[INFO ] 2020-08-26 10:12:16.654 [main] CommonRest - Response is=io.restassured.internal.RestAssuredResponseImpl@1d408060
[INFO ] 2020-08-26 10:12:16.654 [main] CommonRest - Status Code is=404
]]></system-out>
  </testcase>
  <testcase name="runScenario" classname="cucumberOptions.TestRunner" time="0.191"/>
  <testcase name="runScenario" classname="cucumberOptions.TestRunner" time="0.708">
    <failure message="expected:&lt;200&gt; but was:&lt;404&gt;" type="java.lang.AssertionError"><![CDATA[java.lang.AssertionError: expected:<200> but was:<404>
]]></failure>
    <system-out><![CDATA[[INFO ] 2020-08-26 10:12:16.799 [main] CommonRest - ***************************************Started Execution of Test Cases****************************************
[INFO ] 2020-08-26 10:12:16.799 [main] CommonRest - Bookstore_API:https://bookstore.toolsqa.com
[INFO ] 2020-08-26 10:12:16.799 [main] CommonRest - Liabrary_API:http://216.10.245.166
[INFO ] 2020-08-26 10:12:16.799 [main] CommonRest - Google_API:https://rahulshettyacademy.com
[INFO ] 2020-08-26 10:12:16.800 [main] CommonRest - JSON Converted in to array is=[{"Description":"Post Request for Google API"},{"RequestType":"PUT"},{"ContentType":"application/json"},{"Endpoint":"/maps/api/place/update/json"},{"QueryParameters":[{"Key":"qaclick123"}]},{"Body":{"address":"Test123","place_id":"3cbb9aa3b4fcc62cb60991dfa412c5bd","key":"qaclick123"}}]
[INFO ] 2020-08-26 10:12:16.801 [main] CommonRest - Array after updating a value is=[{"Description":"Post Request for Google API"},{"RequestType":"PUT"},{"ContentType":"application/json"},{"Endpoint":"/maps/api/place/update/json"},{"QueryParameters":[{"Key":"qaclick123"}]},{"Body":{"address":"Test123","place_id":"3cbb9aa3b4fcc62cb60991dfa412c5bd","key":"qaclick123"}}]
[INFO ] 2020-08-26 10:12:16.801 [main] CommonRest - Array Payload attribute is=[{"Description":"Post Request for Google API"},{"RequestType":"PUT"},{"ContentType":"application/json"},{"Endpoint":"/maps/api/place/update/json"},{"QueryParameters":[{"Key":"qaclick123"}]},{"Body":{"address":"Test123","place_id":"3cbb9aa3b4fcc62cb60991dfa412c5bd","key":"qaclick123"}}]
[INFO ] 2020-08-26 10:12:16.801 [main] CommonRest - Endpoint is=Google_API
[INFO ] 2020-08-26 10:12:16.801 [main] CommonRest - application/json
[INFO ] 2020-08-26 10:12:16.802 [main] CommonRest - Endpoint is=/maps/api/place/update/json
[INFO ] 2020-08-26 10:12:16.802 [main] CommonRest - Data in Dictionary is={ReqType=PUT, ReqBody={"address":"Test123","place_id":"3cbb9aa3b4fcc62cb60991dfa412c5bd","key":"qaclick123"}, ISBN=9781449365035, AuthorName=wrong_ID, Content Type=application/json, PAYLOAD=[{"Description":"Post Request for Google API"},{"RequestType":"PUT"},{"ContentType":"application/json"},{"Endpoint":"/maps/api/place/update/json"},{"QueryParameters":[{"Key":"qaclick123"}]},{"Body":{"address":"Test123","place_id":"3cbb9aa3b4fcc62cb60991dfa412c5bd","key":"qaclick123"}}], EndPoint=/maps/api/place/update/json, ID=T111one111100, Key=qaclick123, place_id=1234}
[INFO ] 2020-08-26 10:12:16.802 [main] CommonRest - ContentType is=application/json
[INFO ] 2020-08-26 10:12:16.802 [main] CommonRest - Request Endpoint =PUT
[INFO ] 2020-08-26 10:12:16.802 [main] CommonRest - Request Body is={"address":"Test123","place_id":"3cbb9aa3b4fcc62cb60991dfa412c5bd","key":"qaclick123"}
Request method:	PUT
Request URI:	https://rahulshettyacademy.com/maps/api/place/update/json?Key=qaclick123
Proxy:			<none>
Request params:	<none>
Query params:	Key=qaclick123
Form params:	<none>
Path params:	<none>
Headers:		Accept=*/*
				Content-Type=application/json; charset=UTF-8
Cookies:		<none>
Multiparts:		<none>
Body:
{
    "address": "Test123",
    "place_id": "3cbb9aa3b4fcc62cb60991dfa412c5bd",
    "key": "qaclick123"
}
HTTP/1.1 404 Not Found
Date: Wed, 26 Aug 2020 04:42:16 GMT
Server: Apache/2.4.18 (Ubuntu)
Access-Control-Allow-Origin: *
Access-Control-Allow-Methods: POST
Access-Control-Max-Age: 3600
Access-Control-Allow-Headers: Content-Type, Access-Control-Allow-Headers, Authorization, X-Requested-With
Content-Length: 77
Keep-Alive: timeout=5, max=100
Connection: Keep-Alive
Content-Type: application/json;charset=UTF-8

{
    "msg": "Update address operation failed, looks like the data doesn't exists"
}
[INFO ] 2020-08-26 10:12:18.360 [main] CommonRest - Response is=io.restassured.internal.RestAssuredResponseImpl@76a14c8d
[INFO ] 2020-08-26 10:12:18.360 [main] CommonRest - Status Code is=404
]]></system-out>
  </testcase>
  <testcase name="runScenario" classname="cucumberOptions.TestRunner" time="1.605"/>
</testsuite>